Using pre-set license
Built from '2020.3/staging' branch; Version is '2020.3.17f1 (a4537701e4ab) revision 10769271'; Using compiler version '192528614'; Build Type 'Release'
OS: 'Windows 10 Home; OS build 19042.1165; Version 2009; 64bit' Language: 'en' Physical Memory: 8116 MB
BatchMode: 1, IsHumanControllingUs: 0, StartBugReporterOnCrash: 0, Is64bit: 1, IsPro: 0

COMMAND LINE ARGUMENTS:
C:\Program Files\Unity Editors\2020.3.17f1\Editor\Unity.exe
-adb2
-batchMode
-noUpm
-name
AssetImportWorker0
-projectPath
C:/Users/cellu/Imperfect
-logFile
Logs/AssetImportWorker0.log
-srvPort
59736
Successfully changed project path to: C:/Users/cellu/Imperfect
C:/Users/cellu/Imperfect
Using Asset Import Pipeline V2.
Refreshing native plugins compatible for Editor in 36.28 ms, found 3 plugins.
Preloading 0 native plugins for Editor in 0.00 ms.
Initialize engine version: 2020.3.17f1 (a4537701e4ab)
[Subsystems] Discovering subsystems at path C:/Program Files/Unity Editors/2020.3.17f1/Editor/Data/Resources/UnitySubsystems
[Subsystems] Discovering subsystems at path C:/Users/cellu/Imperfect/Assets
GfxDevice: creating device client; threaded=0
Direct3D:
    Version:  Direct3D 11.0 [level 11.1]
    Renderer: NVIDIA GeForce GTX 1660 SUPER (ID=0x21c4)
    Vendor:   
    VRAM:     5991 MB
    Driver:   30.0.14.7111
Initialize mono
Mono path[0] = 'C:/Program Files/Unity Editors/2020.3.17f1/Editor/Data/Managed'
Mono path[1] = 'C:/Program Files/Unity Editors/2020.3.17f1/Editor/Data/MonoBleedingEdge/lib/mono/unityjit'
Mono config path = 'C:/Program Files/Unity Editors/2020.3.17f1/Editor/Data/MonoBleedingEdge/etc'
Using monoOptions --debugger-agent=transport=dt_socket,embedding=1,server=y,suspend=n,address=127.0.0.1:56348
Begin MonoManager ReloadAssembly
Registering precompiled unity dll's ...
Register platform support module: C:/Program Files/Unity Editors/2020.3.17f1/Editor/Data/PlaybackEngines/WindowsStandaloneSupport/UnityEditor.WindowsStandalone.Extensions.dll
Registered in 0.005286 seconds.
Native extension for WindowsStandalone target not found
Refreshing native plugins compatible for Editor in 36.29 ms, found 3 plugins.
Preloading 0 native plugins for Editor in 0.00 ms.
Mono: successfully reloaded assembly
- Completed reload, in  2.318 seconds
Domain Reload Profiling:
	ReloadAssembly (2318ms)
		BeginReloadAssembly (44ms)
			ExecutionOrderSort (0ms)
			DisableScriptedObjects (0ms)
			BackupInstance (0ms)
			ReleaseScriptingObjects (0ms)
			CreateAndSetChildDomain (1ms)
		EndReloadAssembly (359ms)
			LoadAssemblies (42ms)
			RebuildTransferFunctionScriptingTraits (0ms)
			SetupTypeCache (130ms)
			ReleaseScriptCaches (0ms)
			RebuildScriptCaches (27ms)
			SetupLoadedEditorAssemblies (140ms)
				LogAssemblyErrors (0ms)
				InitializePlatformSupportModulesInManaged (3ms)
				SetLoadedEditorAssemblies (0ms)
				RefreshPlugins (36ms)
				BeforeProcessingInitializeOnLoad (7ms)
				ProcessInitializeOnLoadAttributes (68ms)
				ProcessInitializeOnLoadMethodAttributes (25ms)
				AfterProcessingInitializeOnLoad (0ms)
				EditorAssembliesLoaded (0ms)
			ExecutionOrderSort2 (0ms)
			AwakeInstancesAfterBackupRestoration (0ms)
Platform modules already initialized, skipping
Registering precompiled user dll's ...
Registered in 0.012498 seconds.
Begin MonoManager ReloadAssembly
Native extension for WindowsStandalone target not found
Refreshing native plugins compatible for Editor in 36.59 ms, found 3 plugins.
Preloading 0 native plugins for Editor in 0.00 ms.
Mono: successfully reloaded assembly
- Completed reload, in  1.070 seconds
Domain Reload Profiling:
	ReloadAssembly (1071ms)
		BeginReloadAssembly (121ms)
			ExecutionOrderSort (0ms)
			DisableScriptedObjects (4ms)
			BackupInstance (0ms)
			ReleaseScriptingObjects (0ms)
			CreateAndSetChildDomain (15ms)
		EndReloadAssembly (897ms)
			LoadAssemblies (134ms)
			RebuildTransferFunctionScriptingTraits (0ms)
			SetupTypeCache (254ms)
			ReleaseScriptCaches (0ms)
			RebuildScriptCaches (41ms)
			SetupLoadedEditorAssemblies (358ms)
				LogAssemblyErrors (0ms)
				InitializePlatformSupportModulesInManaged (3ms)
				SetLoadedEditorAssemblies (0ms)
				RefreshPlugins (37ms)
				BeforeProcessingInitializeOnLoad (55ms)
				ProcessInitializeOnLoadAttributes (246ms)
				ProcessInitializeOnLoadMethodAttributes (12ms)
				AfterProcessingInitializeOnLoad (5ms)
				EditorAssembliesLoaded (0ms)
			ExecutionOrderSort2 (0ms)
			AwakeInstancesAfterBackupRestoration (6ms)
Platform modules already initialized, skipping
========================================================================
Worker process is ready to serve import requests
Launched and connected shader compiler UnityShaderCompiler.exe after 0.08 seconds
Refreshing native plugins compatible for Editor in 0.79 ms, found 3 plugins.
Preloading 0 native plugins for Editor in 0.00 ms.
Unloading 2091 Unused Serialized files (Serialized files now loaded: 0)
System memory in use before: 93.0 MB.
System memory in use after: 93.1 MB.

Unloading 28 unused Assets to reduce memory usage. Loaded Objects now: 2528.
Total: 3.190400 ms (FindLiveObjects: 0.235100 ms CreateObjectMapping: 0.109800 ms MarkObjects: 2.775900 ms  DeleteObjects: 0.068300 ms)

AssetImportParameters requested are different than current active one (requested -> active):
  custom:framework-win-MediaFoundation: 216162199b28c13a410421893ffa2e32 -> 
  custom:video-decoder-ogg-theora: a1e56fd34408186e4bbccfd4996cb3dc -> 
  custom:container-muxer-webm: aa71ff27fc2769a1b78a27578f13a17b -> 
  custom:container-demuxer-webm: 4f35f7cbe854078d1ac9338744f61a02 -> 
  custom:container-demuxer-ogg: 62fdf1f143b41e24485cea50d1cbac27 -> 
  custom:video-encoder-webm-vp8: eb34c28f22e8b96e1ab97ce403110664 -> 
  custom:video-decoder-webm-vp8: 9c59270c3fd7afecdb556c50c9e8de78 -> 
  custom:audio-decoder-ogg-vorbis: bf7c407c2cedff20999df2af8eb42d56 -> 
  custom:audio-encoder-webm-vorbis: bf7c407c2cedff20999df2af8eb42d56 -> 
========================================================================
Received Import Request.
  path: Assets/PF SET1/bakcground_night1.png
  artifactKey: Guid(4b1df07ea00859b4886266878d9fda27) Importer(815301076,1909f56bfc062723c751e8b465ee728b)
Start importing Assets/PF SET1/bakcground_night1.png using Guid(4b1df07ea00859b4886266878d9fda27) Importer(815301076,1909f56bfc062723c751e8b465ee728b)  -> (artifact id: '91cdbc86ba45fa7ca86565b35db3db22') in 0.112167 seconds 
  Import took 0.116472 seconds .

========================================================================
Received Import Request.
  Time since last request: 0.000154 seconds.
  path: Assets/PF SET1/bakcground_night2.png
  artifactKey: Guid(41261f6ed984eb046a1828b6f367e7b9) Importer(815301076,1909f56bfc062723c751e8b465ee728b)
Start importing Assets/PF SET1/bakcground_night2.png using Guid(41261f6ed984eb046a1828b6f367e7b9) Importer(815301076,1909f56bfc062723c751e8b465ee728b)  -> (artifact id: '650f3ed3c5784e6bdbf9df44234b11c9') in 0.013137 seconds 
  Import took 0.016271 seconds .

========================================================================
Received Import Request.
  Time since last request: 0.000231 seconds.
  path: Assets/PF SET1
  artifactKey: Guid(a23115c6746bb3c4b8cf56ead5284074) Importer(815301076,1909f56bfc062723c751e8b465ee728b)
Start importing Assets/PF SET1 using Guid(a23115c6746bb3c4b8cf56ead5284074) Importer(815301076,1909f56bfc062723c751e8b465ee728b)  -> (artifact id: 'b542832fda685a67ec178068eccbc640') in 0.004755 seconds 
  Import took 0.008604 seconds .

========================================================================
Received Import Request.
  Time since last request: 0.000188 seconds.
  path: Assets/PF SET1/decorative_obj.png
  artifactKey: Guid(d23e82e29bfdabf4f9b01dc69e6901b5) Importer(815301076,1909f56bfc062723c751e8b465ee728b)
Start importing Assets/PF SET1/decorative_obj.png using Guid(d23e82e29bfdabf4f9b01dc69e6901b5) Importer(815301076,1909f56bfc062723c751e8b465ee728b)  -> (artifact id: 'f0a530f35c9eb7c4f3cde4995cbababf') in 0.015786 seconds 
  Import took 0.019573 seconds .

========================================================================
Received Import Request.
  Time since last request: 0.000157 seconds.
  path: Assets/PF SET1/mainlevbuild.png
  artifactKey: Guid(bbf1993bf4e31194f9d5ee94ecea8677) Importer(815301076,1909f56bfc062723c751e8b465ee728b)
Start importing Assets/PF SET1/mainlevbuild.png using Guid(bbf1993bf4e31194f9d5ee94ecea8677) Importer(815301076,1909f56bfc062723c751e8b465ee728b)  -> (artifact id: 'af1fafe147b2ade620c38075571337a9') in 0.022806 seconds 
  Import took 0.026188 seconds .

========================================================================
Received Import Request.
  Time since last request: 0.000153 seconds.
  path: Assets/PF SET1/bakcground_night3.png
  artifactKey: Guid(cc2fc48352056394a8b60d1c02246a03) Importer(815301076,1909f56bfc062723c751e8b465ee728b)
Start importing Assets/PF SET1/bakcground_night3.png using Guid(cc2fc48352056394a8b60d1c02246a03) Importer(815301076,1909f56bfc062723c751e8b465ee728b)  -> (artifact id: '53e2acc41f85225dcefe7da6babc52b5') in 0.019459 seconds 
  Import took 0.024426 seconds .

========================================================================
Received Import Request.
  Time since last request: 0.000150 seconds.
  path: Assets/PF SET1/background_obj.png
  artifactKey: Guid(c83648d49be2e304daae4d092f8aa41f) Importer(815301076,1909f56bfc062723c751e8b465ee728b)
Start importing Assets/PF SET1/background_obj.png using Guid(c83648d49be2e304daae4d092f8aa41f) Importer(815301076,1909f56bfc062723c751e8b465ee728b)  -> (artifact id: 'f6929ecdd7743a58786c055bd283e4a8') in 0.026994 seconds 
  Import took 0.031246 seconds .

========================================================================
Received Import Request.
  Time since last request: 0.000143 seconds.
  path: Assets/PF SET1/bakcground_day1.png
  artifactKey: Guid(16dad45369100e34ab557009b029ced8) Importer(815301076,1909f56bfc062723c751e8b465ee728b)
Start importing Assets/PF SET1/bakcground_day1.png using Guid(16dad45369100e34ab557009b029ced8) Importer(815301076,1909f56bfc062723c751e8b465ee728b)  -> (artifact id: '605aa5a1953c64d381d5ab4637d607bd') in 0.022297 seconds 
  Import took 0.025877 seconds .

========================================================================
Received Import Request.
  Time since last request: 0.000188 seconds.
  path: Assets/PF SET1/bakcground_day2.png
  artifactKey: Guid(134b0e89814f7b94590356522970bcff) Importer(815301076,1909f56bfc062723c751e8b465ee728b)
Start importing Assets/PF SET1/bakcground_day2.png using Guid(134b0e89814f7b94590356522970bcff) Importer(815301076,1909f56bfc062723c751e8b465ee728b)  -> (artifact id: '48962b0cc629bcddbf5a93e48010ad2c') in 0.016377 seconds 
  Import took 0.019707 seconds .

========================================================================
Received Import Request.
  Time since last request: 0.000143 seconds.
  path: Assets/PF SET1/bakcground_day3.png
  artifactKey: Guid(3c740e741f514ba42ad9030cd94085da) Importer(815301076,1909f56bfc062723c751e8b465ee728b)
Start importing Assets/PF SET1/bakcground_day3.png using Guid(3c740e741f514ba42ad9030cd94085da) Importer(815301076,1909f56bfc062723c751e8b465ee728b)  -> (artifact id: '3ea53d827ece6366447a91b0de8248c9') in 0.026851 seconds 
  Import took 0.030500 seconds .

========================================================================
Received Import Request.
  Time since last request: 39.297093 seconds.
  path: Assets/PF SET1/Sliced
  artifactKey: Guid(81193f795130c554db554f89907d215e) Importer(815301076,1909f56bfc062723c751e8b465ee728b)
Start importing Assets/PF SET1/Sliced using Guid(81193f795130c554db554f89907d215e) Importer(815301076,1909f56bfc062723c751e8b465ee728b)  -> (artifact id: '72b0d3f78aa15021eee92c83558e1a48') in 0.005683 seconds 
  Import took 0.009625 seconds .

========================================================================
Received Import Request.
  Time since last request: 0.060147 seconds.
  path: Assets/PF SET1/Sliced/background_obj.png
  artifactKey: Guid(46019633fe4c3774b8dcb514cddf7796) Importer(815301076,1909f56bfc062723c751e8b465ee728b)
Start importing Assets/PF SET1/Sliced/background_obj.png using Guid(46019633fe4c3774b8dcb514cddf7796) Importer(815301076,1909f56bfc062723c751e8b465ee728b)  -> (artifact id: 'f50f14c10eaaacc5d363e6208cdd5c1a') in 4.968545 seconds 
  Import took 4.980901 seconds .

========================================================================
Received Import Request.
  Time since last request: 0.000224 seconds.
  path: Assets/PF SET1/Sliced/mainlevbuild.png
  artifactKey: Guid(0b0ba242c6354d744b4524eb0fc98ee7) Importer(815301076,1909f56bfc062723c751e8b465ee728b)
Start importing Assets/PF SET1/Sliced/mainlevbuild.png using Guid(0b0ba242c6354d744b4524eb0fc98ee7) Importer(815301076,1909f56bfc062723c751e8b465ee728b)  -> (artifact id: '1eb72d39d399e557e17c4a3723e9f287') in 2.144625 seconds 
  Import took 2.153733 seconds .

========================================================================
Received Import Request.
  Time since last request: 0.000206 seconds.
  path: Assets/PF SET1/Sliced/decorative_obj.png
  artifactKey: Guid(150671d6d3ba0144998bef186d4b4ea9) Importer(815301076,1909f56bfc062723c751e8b465ee728b)
Start importing Assets/PF SET1/Sliced/decorative_obj.png using Guid(150671d6d3ba0144998bef186d4b4ea9) Importer(815301076,1909f56bfc062723c751e8b465ee728b)  -> (artifact id: '1c7c3b21875a0ffe2ca5b6b810b7ece4') in 1.787937 seconds 
  Import took 1.795634 seconds .

========================================================================
Received Import Request.
  Time since last request: 0.000202 seconds.
  path: Assets/PF SET1/Scene/Demo.unity
  artifactKey: Guid(039162d717fb7e247bbed4bb876810d4) Importer(815301076,1909f56bfc062723c751e8b465ee728b)
Start importing Assets/PF SET1/Scene/Demo.unity using Guid(039162d717fb7e247bbed4bb876810d4) Importer(815301076,1909f56bfc062723c751e8b465ee728b)  -> (artifact id: '85ce0e0aa86fbe7fd4fda807d786e55b') in 0.005064 seconds 
  Import took 0.007946 seconds .

========================================================================
Received Import Request.
  Time since last request: 68.208216 seconds.
  path: Packages/com.unity.2d.animation
  artifactKey: Guid(bb5c94055a953b6081dfc49350569eb1) Importer(815301076,1909f56bfc062723c751e8b465ee728b)
Start importing Packages/com.unity.2d.animation using Guid(bb5c94055a953b6081dfc49350569eb1) Importer(815301076,1909f56bfc062723c751e8b465ee728b)  -> (artifact id: '09fa518512abe465e781a54efa05d46a') in 0.007073 seconds 
  Import took 0.011258 seconds .

========================================================================
Received Import Request.
  Time since last request: 0.046781 seconds.
  path: Packages/com.unity.2d.animation/package.json
  artifactKey: Guid(9e83c20a8293f44ec8a375d3805f477d) Importer(815301076,1909f56bfc062723c751e8b465ee728b)
Start importing Packages/com.unity.2d.animation/package.json using Guid(9e83c20a8293f44ec8a375d3805f477d) Importer(815301076,1909f56bfc062723c751e8b465ee728b)  -> (artifact id: '519ad1bf8fe5f847ba8bc5d602dfca65') in 0.011246 seconds 
  Import took 0.014967 seconds .

========================================================================
Received Import Request.
  Time since last request: 186500.291600 seconds.
  path: Assets/Scenes/SampleScene.unity
  artifactKey: Guid(2cda990e2423bbf4892e6590ba056729) Importer(815301076,1909f56bfc062723c751e8b465ee728b)
Start importing Assets/Scenes/SampleScene.unity using Guid(2cda990e2423bbf4892e6590ba056729) Importer(815301076,1909f56bfc062723c751e8b465ee728b)  -> (artifact id: 'aa27944bdea339c97c39027c7eea529c') in 0.191323 seconds 
  Import took 0.403591 seconds .

========================================================================
Received Import Request.
  Time since last request: 90.468242 seconds.
  path: Assets/Monsters Creatures Fantasy/Animations
  artifactKey: Guid(416987a187104234780ffa45187aced9) Importer(815301076,1909f56bfc062723c751e8b465ee728b)
Start importing Assets/Monsters Creatures Fantasy/Animations using Guid(416987a187104234780ffa45187aced9) Importer(815301076,1909f56bfc062723c751e8b465ee728b)  -> (artifact id: 'cb3052e98cda9ca64fd3434456bbe451') in 0.014396 seconds 
  Import took 0.020625 seconds .

========================================================================
Received Import Request.
  Time since last request: 1.244654 seconds.
  path: Assets/Monsters Creatures Fantasy
  artifactKey: Guid(a5bf6e8c78a6f6a4f8ba0f08e2a65fdd) Importer(815301076,1909f56bfc062723c751e8b465ee728b)
Start importing Assets/Monsters Creatures Fantasy using Guid(a5bf6e8c78a6f6a4f8ba0f08e2a65fdd) Importer(815301076,1909f56bfc062723c751e8b465ee728b)  -> (artifact id: '03f106a64d916282e42d5952e8baa25b') in 0.010260 seconds 
  Import took 0.016261 seconds .

========================================================================
Received Import Request.
  Time since last request: 1.914384 seconds.
  path: Assets/Monsters Creatures Fantasy/Animations/Goblin
  artifactKey: Guid(cc36e2597b54ecb4780a98efdd50175e) Importer(815301076,1909f56bfc062723c751e8b465ee728b)
Start importing Assets/Monsters Creatures Fantasy/Animations/Goblin using Guid(cc36e2597b54ecb4780a98efdd50175e) Importer(815301076,1909f56bfc062723c751e8b465ee728b)  -> (artifact id: 'dbaef2586d506bdc3d9f37b3519ea1da') in 0.008721 seconds 
  Import took 0.013950 seconds .

========================================================================
Received Import Request.
  Time since last request: 1.890481 seconds.
  path: Assets/Monsters Creatures Fantasy/Animations/Goblin/Goblin_anim.anim
  artifactKey: Guid(a52d7d1a02ed42d4fa1f28e704688eab) Importer(815301076,1909f56bfc062723c751e8b465ee728b)
Start importing Assets/Monsters Creatures Fantasy/Animations/Goblin/Goblin_anim.anim using Guid(a52d7d1a02ed42d4fa1f28e704688eab) Importer(815301076,1909f56bfc062723c751e8b465ee728b)  -> (artifact id: '9a97f54784b8ff9bb10d8fabd73212fb') in 0.084695 seconds 
  Import took 0.090419 seconds .

========================================================================
Received Import Request.
  Time since last request: 0.008523 seconds.
  path: Assets/Monsters Creatures Fantasy/Animations/Goblin/Goblin_anim.anim
  artifactKey: Guid(a52d7d1a02ed42d4fa1f28e704688eab) Importer(815301076,1909f56bfc062723c751e8b465ee728b)
Start importing Assets/Monsters Creatures Fantasy/Animations/Goblin/Goblin_anim.anim using Guid(a52d7d1a02ed42d4fa1f28e704688eab) Importer(815301076,1909f56bfc062723c751e8b465ee728b)  -> (artifact id: '9a97f54784b8ff9bb10d8fabd73212fb') in 0.003841 seconds 
  Import took 0.008651 seconds .

========================================================================
Received Import Request.
  Time since last request: 5.420311 seconds.
  path: Assets/Monsters Creatures Fantasy/Sprites/Goblin/Idle.png
  artifactKey: Guid(c1cdd26cc09ad224884556bc4d8296ae) Importer(815301076,1909f56bfc062723c751e8b465ee728b)
Start importing Assets/Monsters Creatures Fantasy/Sprites/Goblin/Idle.png using Guid(c1cdd26cc09ad224884556bc4d8296ae) Importer(815301076,1909f56bfc062723c751e8b465ee728b)  -> (artifact id: '82918f6a9f7bd1df55d00461e3b0fec6') in 0.232678 seconds 
  Import took 0.239661 seconds .

========================================================================
Received Import Request.
  Time since last request: 0.000179 seconds.
  path: Assets/Monsters Creatures Fantasy/Sprites/Goblin/Death.png
  artifactKey: Guid(cbd77a78256671c4c9cf1492e8ce39b1) Importer(815301076,1909f56bfc062723c751e8b465ee728b)
Start importing Assets/Monsters Creatures Fantasy/Sprites/Goblin/Death.png using Guid(cbd77a78256671c4c9cf1492e8ce39b1) Importer(815301076,1909f56bfc062723c751e8b465ee728b)  -> (artifact id: 'eafa575d5a5cff28e22954df8d8382de') in 0.049811 seconds 
  Import took 0.055429 seconds .

========================================================================
Received Import Request.
  Time since last request: 0.000163 seconds.
  path: Assets/Monsters Creatures Fantasy/Sprites/Goblin/Attack2.png
  artifactKey: Guid(0bde33da364a06c4ab011aca33752f33) Importer(815301076,1909f56bfc062723c751e8b465ee728b)
Start importing Assets/Monsters Creatures Fantasy/Sprites/Goblin/Attack2.png using Guid(0bde33da364a06c4ab011aca33752f33) Importer(815301076,1909f56bfc062723c751e8b465ee728b)  -> (artifact id: 'a63cf3f3d777e9919103c5698500cac4') in 0.075719 seconds 
  Import took 0.081102 seconds .

========================================================================
Received Import Request.
  Time since last request: 0.000184 seconds.
  path: Assets/Monsters Creatures Fantasy/Sprites/Goblin/Attack1.png
  artifactKey: Guid(f84c06efa9991bd49b5553f54f400348) Importer(815301076,1909f56bfc062723c751e8b465ee728b)
Start importing Assets/Monsters Creatures Fantasy/Sprites/Goblin/Attack1.png using Guid(f84c06efa9991bd49b5553f54f400348) Importer(815301076,1909f56bfc062723c751e8b465ee728b)  -> (artifact id: '5ab97f11f4e62aba07f325556ac2d537') in 0.065580 seconds 
  Import took 0.071149 seconds .

========================================================================
Received Import Request.
  Time since last request: 0.000199 seconds.
  path: Assets/Monsters Creatures Fantasy/Sprites/Goblin/Run.png
  artifactKey: Guid(048dae4a3e3ffa741b83654644b60a16) Importer(815301076,1909f56bfc062723c751e8b465ee728b)
Start importing Assets/Monsters Creatures Fantasy/Sprites/Goblin/Run.png using Guid(048dae4a3e3ffa741b83654644b60a16) Importer(815301076,1909f56bfc062723c751e8b465ee728b)  -> (artifact id: '6ad7f344b1e2b4b38a1a712c4f643092') in 0.086403 seconds 
  Import took 0.091194 seconds .

========================================================================
Received Import Request.
  Time since last request: 0.000155 seconds.
  path: Assets/Monsters Creatures Fantasy/Sprites/Goblin/Take Hit.png
  artifactKey: Guid(8dee453321432cc47b70ddef8f3a3a68) Importer(815301076,1909f56bfc062723c751e8b465ee728b)
Start importing Assets/Monsters Creatures Fantasy/Sprites/Goblin/Take Hit.png using Guid(8dee453321432cc47b70ddef8f3a3a68) Importer(815301076,1909f56bfc062723c751e8b465ee728b)  -> (artifact id: '537615954b29e45a00cc9d42f09a14ea') in 0.026909 seconds 
  Import took 0.032700 seconds .

========================================================================
Received Import Request.
  Time since last request: 0.000577 seconds.
  path: Assets/Monsters Creatures Fantasy/Sprites/Goblin/Take Hit.png
  artifactKey: Guid(8dee453321432cc47b70ddef8f3a3a68) Importer(815301076,1909f56bfc062723c751e8b465ee728b)
Start importing Assets/Monsters Creatures Fantasy/Sprites/Goblin/Take Hit.png using Guid(8dee453321432cc47b70ddef8f3a3a68) Importer(815301076,1909f56bfc062723c751e8b465ee728b)  -> (artifact id: '537615954b29e45a00cc9d42f09a14ea') in 0.022009 seconds 
  Import took 0.025809 seconds .

========================================================================
Received Import Request.
  Time since last request: 2.684150 seconds.
  path: Assets/Monsters Creatures Fantasy/Animations/Goblin/Idle_0.controller
  artifactKey: Guid(4f230fa6acf87ff4aa55a06a9691101d) Importer(815301076,1909f56bfc062723c751e8b465ee728b)
Start importing Assets/Monsters Creatures Fantasy/Animations/Goblin/Idle_0.controller using Guid(4f230fa6acf87ff4aa55a06a9691101d) Importer(815301076,1909f56bfc062723c751e8b465ee728b)  -> (artifact id: 'e8913154f8f145cd3351024e272687df') in 0.093153 seconds 
  Import took 0.099878 seconds .

AssetImportWorkerClient::OnTransportError - code=2 error=End of file
