Using pre-set license
Built from '2020.3/staging' branch; Version is '2020.3.17f1 (a4537701e4ab) revision 10769271'; Using compiler version '192528614'; Build Type 'Release'
OS: 'Windows 10 Home; OS build 19042.1165; Version 2009; 64bit' Language: 'en' Physical Memory: 8116 MB
BatchMode: 1, IsHumanControllingUs: 0, StartBugReporterOnCrash: 0, Is64bit: 1, IsPro: 0

COMMAND LINE ARGUMENTS:
C:\Program Files\Unity Editors\2020.3.17f1\Editor\Unity.exe
-adb2
-batchMode
-noUpm
-name
AssetImportWorker0
-projectPath
C:/Users/cellu/Imperfect
-logFile
Logs/AssetImportWorker0.log
-srvPort
55738
Successfully changed project path to: C:/Users/cellu/Imperfect
C:/Users/cellu/Imperfect
Using Asset Import Pipeline V2.
Refreshing native plugins compatible for Editor in 37.00 ms, found 3 plugins.
Preloading 0 native plugins for Editor in 0.00 ms.
Initialize engine version: 2020.3.17f1 (a4537701e4ab)
[Subsystems] Discovering subsystems at path C:/Program Files/Unity Editors/2020.3.17f1/Editor/Data/Resources/UnitySubsystems
[Subsystems] Discovering subsystems at path C:/Users/cellu/Imperfect/Assets
GfxDevice: creating device client; threaded=0
Direct3D:
    Version:  Direct3D 11.0 [level 11.1]
    Renderer: NVIDIA GeForce GTX 1660 SUPER (ID=0x21c4)
    Vendor:   
    VRAM:     5991 MB
    Driver:   30.0.14.7111
Initialize mono
Mono path[0] = 'C:/Program Files/Unity Editors/2020.3.17f1/Editor/Data/Managed'
Mono path[1] = 'C:/Program Files/Unity Editors/2020.3.17f1/Editor/Data/MonoBleedingEdge/lib/mono/unityjit'
Mono config path = 'C:/Program Files/Unity Editors/2020.3.17f1/Editor/Data/MonoBleedingEdge/etc'
Using monoOptions --debugger-agent=transport=dt_socket,embedding=1,server=y,suspend=n,address=127.0.0.1:56512
Begin MonoManager ReloadAssembly
Registering precompiled unity dll's ...
Register platform support module: C:/Program Files/Unity Editors/2020.3.17f1/Editor/Data/PlaybackEngines/WindowsStandaloneSupport/UnityEditor.WindowsStandalone.Extensions.dll
Registered in 0.001495 seconds.
Native extension for WindowsStandalone target not found
Refreshing native plugins compatible for Editor in 37.14 ms, found 3 plugins.
Preloading 0 native plugins for Editor in 0.00 ms.
Mono: successfully reloaded assembly
- Completed reload, in  0.879 seconds
Domain Reload Profiling:
	ReloadAssembly (879ms)
		BeginReloadAssembly (44ms)
			ExecutionOrderSort (0ms)
			DisableScriptedObjects (0ms)
			BackupInstance (0ms)
			ReleaseScriptingObjects (0ms)
			CreateAndSetChildDomain (1ms)
		EndReloadAssembly (355ms)
			LoadAssemblies (42ms)
			RebuildTransferFunctionScriptingTraits (0ms)
			SetupTypeCache (128ms)
			ReleaseScriptCaches (0ms)
			RebuildScriptCaches (26ms)
			SetupLoadedEditorAssemblies (142ms)
				LogAssemblyErrors (0ms)
				InitializePlatformSupportModulesInManaged (3ms)
				SetLoadedEditorAssemblies (0ms)
				RefreshPlugins (37ms)
				BeforeProcessingInitializeOnLoad (7ms)
				ProcessInitializeOnLoadAttributes (69ms)
				ProcessInitializeOnLoadMethodAttributes (25ms)
				AfterProcessingInitializeOnLoad (0ms)
				EditorAssembliesLoaded (0ms)
			ExecutionOrderSort2 (0ms)
			AwakeInstancesAfterBackupRestoration (0ms)
Platform modules already initialized, skipping
Registering precompiled user dll's ...
Registered in 0.003163 seconds.
Begin MonoManager ReloadAssembly
Native extension for WindowsStandalone target not found
Refreshing native plugins compatible for Editor in 35.69 ms, found 3 plugins.
Preloading 0 native plugins for Editor in 0.00 ms.
Mono: successfully reloaded assembly
- Completed reload, in  0.989 seconds
Domain Reload Profiling:
	ReloadAssembly (989ms)
		BeginReloadAssembly (123ms)
			ExecutionOrderSort (0ms)
			DisableScriptedObjects (4ms)
			BackupInstance (0ms)
			ReleaseScriptingObjects (0ms)
			CreateAndSetChildDomain (16ms)
		EndReloadAssembly (814ms)
			LoadAssemblies (76ms)
			RebuildTransferFunctionScriptingTraits (0ms)
			SetupTypeCache (248ms)
			ReleaseScriptCaches (0ms)
			RebuildScriptCaches (40ms)
			SetupLoadedEditorAssemblies (341ms)
				LogAssemblyErrors (0ms)
				InitializePlatformSupportModulesInManaged (3ms)
				SetLoadedEditorAssemblies (0ms)
				RefreshPlugins (36ms)
				BeforeProcessingInitializeOnLoad (55ms)
				ProcessInitializeOnLoadAttributes (231ms)
				ProcessInitializeOnLoadMethodAttributes (11ms)
				AfterProcessingInitializeOnLoad (5ms)
				EditorAssembliesLoaded (0ms)
			ExecutionOrderSort2 (0ms)
			AwakeInstancesAfterBackupRestoration (5ms)
Platform modules already initialized, skipping
========================================================================
Worker process is ready to serve import requests
Launched and connected shader compiler UnityShaderCompiler.exe after 0.06 seconds
Refreshing native plugins compatible for Editor in 0.45 ms, found 3 plugins.
Preloading 0 native plugins for Editor in 0.00 ms.
Unloading 2091 Unused Serialized files (Serialized files now loaded: 0)
System memory in use before: 93.0 MB.
System memory in use after: 93.1 MB.

Unloading 28 unused Assets to reduce memory usage. Loaded Objects now: 2528.
Total: 2.736600 ms (FindLiveObjects: 0.196000 ms CreateObjectMapping: 0.080600 ms MarkObjects: 2.400400 ms  DeleteObjects: 0.058500 ms)

AssetImportParameters requested are different than current active one (requested -> active):
  custom:framework-win-MediaFoundation: 216162199b28c13a410421893ffa2e32 -> 
  custom:video-decoder-ogg-theora: a1e56fd34408186e4bbccfd4996cb3dc -> 
  custom:container-muxer-webm: aa71ff27fc2769a1b78a27578f13a17b -> 
  custom:container-demuxer-webm: 4f35f7cbe854078d1ac9338744f61a02 -> 
  custom:container-demuxer-ogg: 62fdf1f143b41e24485cea50d1cbac27 -> 
  custom:video-encoder-webm-vp8: eb34c28f22e8b96e1ab97ce403110664 -> 
  custom:video-decoder-webm-vp8: 9c59270c3fd7afecdb556c50c9e8de78 -> 
  custom:audio-decoder-ogg-vorbis: bf7c407c2cedff20999df2af8eb42d56 -> 
  custom:audio-encoder-webm-vorbis: bf7c407c2cedff20999df2af8eb42d56 -> 
========================================================================
Received Import Request.
  path: Assets/PF SET1/bakcground_night1.png
  artifactKey: Guid(4b1df07ea00859b4886266878d9fda27) Importer(815301076,1909f56bfc062723c751e8b465ee728b)
Start importing Assets/PF SET1/bakcground_night1.png using Guid(4b1df07ea00859b4886266878d9fda27) Importer(815301076,1909f56bfc062723c751e8b465ee728b)  -> (artifact id: '91cdbc86ba45fa7ca86565b35db3db22') in 0.082080 seconds 
  Import took 0.085333 seconds .

========================================================================
Received Import Request.
  Time since last request: 0.000184 seconds.
  path: Assets/PF SET1/bakcground_night2.png
  artifactKey: Guid(41261f6ed984eb046a1828b6f367e7b9) Importer(815301076,1909f56bfc062723c751e8b465ee728b)
Start importing Assets/PF SET1/bakcground_night2.png using Guid(41261f6ed984eb046a1828b6f367e7b9) Importer(815301076,1909f56bfc062723c751e8b465ee728b)  -> (artifact id: '650f3ed3c5784e6bdbf9df44234b11c9') in 0.015063 seconds 
  Import took 0.018334 seconds .

========================================================================
Received Import Request.
  Time since last request: 0.000267 seconds.
  path: Assets/PF SET1/bakcground_night3.png
  artifactKey: Guid(cc2fc48352056394a8b60d1c02246a03) Importer(815301076,1909f56bfc062723c751e8b465ee728b)
Start importing Assets/PF SET1/bakcground_night3.png using Guid(cc2fc48352056394a8b60d1c02246a03) Importer(815301076,1909f56bfc062723c751e8b465ee728b)  -> (artifact id: '53e2acc41f85225dcefe7da6babc52b5') in 0.017544 seconds 
  Import took 0.021424 seconds .

========================================================================
Received Import Request.
  Time since last request: 0.000271 seconds.
  path: Assets/PF SET1/background_obj.png
  artifactKey: Guid(c83648d49be2e304daae4d092f8aa41f) Importer(815301076,1909f56bfc062723c751e8b465ee728b)
Start importing Assets/PF SET1/background_obj.png using Guid(c83648d49be2e304daae4d092f8aa41f) Importer(815301076,1909f56bfc062723c751e8b465ee728b)  -> (artifact id: 'f6929ecdd7743a58786c055bd283e4a8') in 0.026904 seconds 
  Import took 0.030806 seconds .

========================================================================
Received Import Request.
  Time since last request: 0.000142 seconds.
  path: Assets/PF SET1/bakcground_day1.png
  artifactKey: Guid(16dad45369100e34ab557009b029ced8) Importer(815301076,1909f56bfc062723c751e8b465ee728b)
Start importing Assets/PF SET1/bakcground_day1.png using Guid(16dad45369100e34ab557009b029ced8) Importer(815301076,1909f56bfc062723c751e8b465ee728b)  -> (artifact id: '605aa5a1953c64d381d5ab4637d607bd') in 0.013945 seconds 
  Import took 0.017490 seconds .

========================================================================
Received Import Request.
  Time since last request: 0.000161 seconds.
  path: Assets/PF SET1/bakcground_day2.png
  artifactKey: Guid(134b0e89814f7b94590356522970bcff) Importer(815301076,1909f56bfc062723c751e8b465ee728b)
Start importing Assets/PF SET1/bakcground_day2.png using Guid(134b0e89814f7b94590356522970bcff) Importer(815301076,1909f56bfc062723c751e8b465ee728b)  -> (artifact id: '48962b0cc629bcddbf5a93e48010ad2c') in 0.016323 seconds 
  Import took 0.020118 seconds .

========================================================================
Received Import Request.
  Time since last request: 0.000196 seconds.
  path: Assets/PF SET1/bakcground_day1.png
  artifactKey: Guid(16dad45369100e34ab557009b029ced8) Importer(815301076,1909f56bfc062723c751e8b465ee728b)
Start importing Assets/PF SET1/bakcground_day1.png using Guid(16dad45369100e34ab557009b029ced8) Importer(815301076,1909f56bfc062723c751e8b465ee728b)  -> (artifact id: '605aa5a1953c64d381d5ab4637d607bd') in 0.016106 seconds 
  Import took 0.019191 seconds .

========================================================================
Received Import Request.
  Time since last request: 0.000207 seconds.
  path: Assets/PF SET1/bakcground_day3.png
  artifactKey: Guid(3c740e741f514ba42ad9030cd94085da) Importer(815301076,1909f56bfc062723c751e8b465ee728b)
Start importing Assets/PF SET1/bakcground_day3.png using Guid(3c740e741f514ba42ad9030cd94085da) Importer(815301076,1909f56bfc062723c751e8b465ee728b)  -> (artifact id: '3ea53d827ece6366447a91b0de8248c9') in 0.018817 seconds 
  Import took 0.022442 seconds .

========================================================================
Received Import Request.
  Time since last request: 0.000144 seconds.
  path: Assets/PF SET1
  artifactKey: Guid(9f27e946d687a3948be2d5c5665bf085) Importer(815301076,1909f56bfc062723c751e8b465ee728b)
Start importing Assets/PF SET1 using Guid(9f27e946d687a3948be2d5c5665bf085) Importer(815301076,1909f56bfc062723c751e8b465ee728b)  -> (artifact id: '50094b3fd56b5ffc185caa6eded954be') in 0.005295 seconds 
  Import took 0.008573 seconds .

========================================================================
Received Import Request.
  Time since last request: 1.510145 seconds.
  path: Assets/PF SET1/decorative_obj.png
  artifactKey: Guid(d23e82e29bfdabf4f9b01dc69e6901b5) Importer(815301076,1909f56bfc062723c751e8b465ee728b)
Start importing Assets/PF SET1/decorative_obj.png using Guid(d23e82e29bfdabf4f9b01dc69e6901b5) Importer(815301076,1909f56bfc062723c751e8b465ee728b)  -> (artifact id: 'f0a530f35c9eb7c4f3cde4995cbababf') in 0.020140 seconds 
  Import took 0.024349 seconds .

========================================================================
Received Import Request.
  Time since last request: 0.000180 seconds.
  path: Assets/PF SET1/mainlevbuild.png
  artifactKey: Guid(bbf1993bf4e31194f9d5ee94ecea8677) Importer(815301076,1909f56bfc062723c751e8b465ee728b)
Start importing Assets/PF SET1/mainlevbuild.png using Guid(bbf1993bf4e31194f9d5ee94ecea8677) Importer(815301076,1909f56bfc062723c751e8b465ee728b)  -> (artifact id: 'af1fafe147b2ade620c38075571337a9') in 0.016167 seconds 
  Import took 0.019216 seconds .

========================================================================
Received Import Request.
  Time since last request: 0.001840 seconds.
  path: Assets/PF SET1/mainlevbuild.png
  artifactKey: Guid(bbf1993bf4e31194f9d5ee94ecea8677) Importer(815301076,1909f56bfc062723c751e8b465ee728b)
Start importing Assets/PF SET1/mainlevbuild.png using Guid(bbf1993bf4e31194f9d5ee94ecea8677) Importer(815301076,1909f56bfc062723c751e8b465ee728b)  -> (artifact id: 'af1fafe147b2ade620c38075571337a9') in 0.021084 seconds 
  Import took 0.024802 seconds .

========================================================================
Received Import Request.
  Time since last request: 52.207515 seconds.
  path: Assets/PF SET1/mainlevbuild.png
  artifactKey: Guid(bbf1993bf4e31194f9d5ee94ecea8677) Importer(815301076,1909f56bfc062723c751e8b465ee728b)
Start importing Assets/PF SET1/mainlevbuild.png using Guid(bbf1993bf4e31194f9d5ee94ecea8677) Importer(815301076,1909f56bfc062723c751e8b465ee728b)  -> (artifact id: 'b2a944d22c9d55ef752c54feb9497a6d') in 0.023198 seconds 
  Import took 0.026656 seconds .

========================================================================
Received Import Request.
  Time since last request: 135.784216 seconds.
  path: Assets/PF SET1/mainlevbuild.png
  artifactKey: Guid(bbf1993bf4e31194f9d5ee94ecea8677) Importer(815301076,1909f56bfc062723c751e8b465ee728b)
Start importing Assets/PF SET1/mainlevbuild.png using Guid(bbf1993bf4e31194f9d5ee94ecea8677) Importer(815301076,1909f56bfc062723c751e8b465ee728b)  -> (artifact id: '2b9abd07949bf464781e3757b3940108') in 2.174086 seconds 
  Import took 2.182551 seconds .

========================================================================
Received Import Request.
  Time since last request: 29506.002988 seconds.
  path: Assets/Palettes/Tiles.prefab
  artifactKey: Guid(31bca4e592e75c04d9b149f00decfd6a) Importer(815301076,1909f56bfc062723c751e8b465ee728b)
Start importing Assets/Palettes/Tiles.prefab using Guid(31bca4e592e75c04d9b149f00decfd6a) Importer(815301076,1909f56bfc062723c751e8b465ee728b)  -> (artifact id: '608b95e39a0d13fe0d469385589c9bb4') in 0.110442 seconds 
  Import took 0.155641 seconds .

========================================================================
Received Import Request.
  Time since last request: 975.124490 seconds.
  path: Assets/Palettes/Tiles.prefab
  artifactKey: Guid(31bca4e592e75c04d9b149f00decfd6a) Importer(815301076,1909f56bfc062723c751e8b465ee728b)
Start importing Assets/Palettes/Tiles.prefab using Guid(31bca4e592e75c04d9b149f00decfd6a) Importer(815301076,1909f56bfc062723c751e8b465ee728b)  -> (artifact id: 'c10d9b9df8aa7d4aae68a693f44fbd9f') in 0.347926 seconds 
  Import took 0.362762 seconds .

========================================================================
Received Import Request.
  Time since last request: 187.802385 seconds.
  path: Assets/PF SET1/mainlevbuild.png
  artifactKey: Guid(bbf1993bf4e31194f9d5ee94ecea8677) Importer(815301076,1909f56bfc062723c751e8b465ee728b)
Start importing Assets/PF SET1/mainlevbuild.png using Guid(bbf1993bf4e31194f9d5ee94ecea8677) Importer(815301076,1909f56bfc062723c751e8b465ee728b)  -> (artifact id: '11ea6ea94f75e51c1ec0bd84d75728ef') in 2.228934 seconds 
  Import took 2.238110 seconds .

========================================================================
Received Import Request.
  Time since last request: 79.537550 seconds.
  path: Assets/Palettes
  artifactKey: Guid(ad807245b5f701a4b9241bcafafd9425) Importer(815301076,1909f56bfc062723c751e8b465ee728b)
Start importing Assets/Palettes using Guid(ad807245b5f701a4b9241bcafafd9425) Importer(815301076,1909f56bfc062723c751e8b465ee728b)  -> (artifact id: '8ca8d12501f741326067d6a6782e01e4') in 0.005867 seconds 
  Import took 0.010420 seconds .

========================================================================
Received Import Request.
  Time since last request: 0.002723 seconds.
  path: Assets/Palettes
  artifactKey: Guid(ad807245b5f701a4b9241bcafafd9425) Importer(815301076,1909f56bfc062723c751e8b465ee728b)
Start importing Assets/Palettes using Guid(ad807245b5f701a4b9241bcafafd9425) Importer(815301076,1909f56bfc062723c751e8b465ee728b)  -> (artifact id: '8ca8d12501f741326067d6a6782e01e4') in 0.002923 seconds 
  Import took 0.006579 seconds .

========================================================================
Received Import Request.
  Time since last request: 5.074182 seconds.
  path: Assets/Scenes
  artifactKey: Guid(51dffa2bd2682a24da9d1a3de63d565a) Importer(815301076,1909f56bfc062723c751e8b465ee728b)
Start importing Assets/Scenes using Guid(51dffa2bd2682a24da9d1a3de63d565a) Importer(815301076,1909f56bfc062723c751e8b465ee728b)  -> (artifact id: '5af97f1a5c0e54cbaa3c8fae8ba045be') in 0.005723 seconds 
  Import took 0.009149 seconds .

========================================================================
Received Import Request.
  Time since last request: 0.002573 seconds.
  path: Assets/Scenes
  artifactKey: Guid(51dffa2bd2682a24da9d1a3de63d565a) Importer(815301076,1909f56bfc062723c751e8b465ee728b)
Start importing Assets/Scenes using Guid(51dffa2bd2682a24da9d1a3de63d565a) Importer(815301076,1909f56bfc062723c751e8b465ee728b)  -> (artifact id: '5af97f1a5c0e54cbaa3c8fae8ba045be') in 0.001471 seconds 
  Import took 0.005042 seconds .

========================================================================
Received Import Request.
  Time since last request: 0.503736 seconds.
  path: Assets/Tiles
  artifactKey: Guid(ca1a835f8c1afec40bcb5bfb85286c1c) Importer(815301076,1909f56bfc062723c751e8b465ee728b)
Start importing Assets/Tiles using Guid(ca1a835f8c1afec40bcb5bfb85286c1c) Importer(815301076,1909f56bfc062723c751e8b465ee728b)  -> (artifact id: '56ebf8f5b5342963258c4d0045deba4f') in 0.001724 seconds 
  Import took 0.004950 seconds .

========================================================================
Received Import Request.
  Time since last request: 1.538700 seconds.
  path: Assets/Tiles/mainlevbuild_0.asset
  artifactKey: Guid(8f9d7b3752f8e444496fe430eb8ad557) Importer(815301076,1909f56bfc062723c751e8b465ee728b)
Start importing Assets/Tiles/mainlevbuild_0.asset using Guid(8f9d7b3752f8e444496fe430eb8ad557) Importer(815301076,1909f56bfc062723c751e8b465ee728b)  -> (artifact id: '560fb20afbe896beb850a323d755a886') in 0.036183 seconds 
  Import took 0.039982 seconds .

========================================================================
Received Import Request.
  Time since last request: 1.905077 seconds.
  path: Assets/Tiles/mainlevbuild_1.asset
  artifactKey: Guid(6ed79cdcf4925194182faad23f1caf7f) Importer(815301076,1909f56bfc062723c751e8b465ee728b)
Start importing Assets/Tiles/mainlevbuild_1.asset using Guid(6ed79cdcf4925194182faad23f1caf7f) Importer(815301076,1909f56bfc062723c751e8b465ee728b)  -> (artifact id: '1903065a7ecd592ce174f8d2383a5fda') in 0.013128 seconds 
  Import took 0.016873 seconds .

========================================================================
Received Import Request.
  Time since last request: 0.001221 seconds.
  path: Assets/Tiles/mainlevbuild_1.asset
  artifactKey: Guid(6ed79cdcf4925194182faad23f1caf7f) Importer(815301076,1909f56bfc062723c751e8b465ee728b)
Start importing Assets/Tiles/mainlevbuild_1.asset using Guid(6ed79cdcf4925194182faad23f1caf7f) Importer(815301076,1909f56bfc062723c751e8b465ee728b)  -> (artifact id: '1903065a7ecd592ce174f8d2383a5fda') in 0.008308 seconds 
  Import took 0.011948 seconds .

========================================================================
Received Import Request.
  Time since last request: 0.323927 seconds.
  path: Assets/Tiles/mainlevbuild_3.asset
  artifactKey: Guid(3dd9b363611f1a94f804f6d06fb361c8) Importer(815301076,1909f56bfc062723c751e8b465ee728b)
Start importing Assets/Tiles/mainlevbuild_3.asset using Guid(3dd9b363611f1a94f804f6d06fb361c8) Importer(815301076,1909f56bfc062723c751e8b465ee728b)  -> (artifact id: '17ae965eeef6b43c81aa77f32e66eb1d') in 0.012372 seconds 
  Import took 0.015978 seconds .

========================================================================
Received Import Request.
  Time since last request: 0.332323 seconds.
  path: Assets/Tiles/mainlevbuild_5.asset
  artifactKey: Guid(487a0635434c6e944996747adfeecc8d) Importer(815301076,1909f56bfc062723c751e8b465ee728b)
Start importing Assets/Tiles/mainlevbuild_5.asset using Guid(487a0635434c6e944996747adfeecc8d) Importer(815301076,1909f56bfc062723c751e8b465ee728b)  -> (artifact id: 'f46ef8eedba01a10aac73492599ea1a0') in 0.011820 seconds 
  Import took 0.015374 seconds .

========================================================================
Received Import Request.
  Time since last request: 0.002705 seconds.
  path: Assets/Tiles/mainlevbuild_5.asset
  artifactKey: Guid(487a0635434c6e944996747adfeecc8d) Importer(815301076,1909f56bfc062723c751e8b465ee728b)
Start importing Assets/Tiles/mainlevbuild_5.asset using Guid(487a0635434c6e944996747adfeecc8d) Importer(815301076,1909f56bfc062723c751e8b465ee728b)  -> (artifact id: 'f46ef8eedba01a10aac73492599ea1a0') in 0.007739 seconds 
  Import took 0.011548 seconds .

========================================================================
Received Import Request.
  Time since last request: 0.281601 seconds.
  path: Assets/Tiles/mainlevbuild_9.asset
  artifactKey: Guid(aa45c36888dcc3e4eab7a0d8fb5b7c5d) Importer(815301076,1909f56bfc062723c751e8b465ee728b)
Start importing Assets/Tiles/mainlevbuild_9.asset using Guid(aa45c36888dcc3e4eab7a0d8fb5b7c5d) Importer(815301076,1909f56bfc062723c751e8b465ee728b)  -> (artifact id: '7415830821a8acc0f957cd40599cab33') in 0.012998 seconds 
  Import took 0.017170 seconds .

========================================================================
Received Import Request.
  Time since last request: 0.002458 seconds.
  path: Assets/Tiles/mainlevbuild_9.asset
  artifactKey: Guid(aa45c36888dcc3e4eab7a0d8fb5b7c5d) Importer(815301076,1909f56bfc062723c751e8b465ee728b)
Start importing Assets/Tiles/mainlevbuild_9.asset using Guid(aa45c36888dcc3e4eab7a0d8fb5b7c5d) Importer(815301076,1909f56bfc062723c751e8b465ee728b)  -> (artifact id: '7415830821a8acc0f957cd40599cab33') in 0.009333 seconds 
  Import took 0.012854 seconds .

========================================================================
Received Import Request.
  Time since last request: 0.220194 seconds.
  path: Assets/Tiles/mainlevbuild_17.asset
  artifactKey: Guid(e3ba8ff022209014fb9395292c7007e6) Importer(815301076,1909f56bfc062723c751e8b465ee728b)
Start importing Assets/Tiles/mainlevbuild_17.asset using Guid(e3ba8ff022209014fb9395292c7007e6) Importer(815301076,1909f56bfc062723c751e8b465ee728b)  -> (artifact id: 'f93b3ade5ad479468f5df0c76c7b2158') in 0.011724 seconds 
  Import took 0.015796 seconds .

========================================================================
Received Import Request.
  Time since last request: 26.494127 seconds.
  path: Assets/Tiles/mainlevbuild_338.asset
  artifactKey: Guid(b76787cdaf44e4d429281f0326765087) Importer(815301076,1909f56bfc062723c751e8b465ee728b)
Start importing Assets/Tiles/mainlevbuild_338.asset using Guid(b76787cdaf44e4d429281f0326765087) Importer(815301076,1909f56bfc062723c751e8b465ee728b)  -> (artifact id: '8231480cb83e276aa11b7129ba19be4d') in 0.012363 seconds 
  Import took 0.016682 seconds .

========================================================================
Received Import Request.
  Time since last request: 0.001932 seconds.
  path: Assets/Tiles/mainlevbuild_338.asset
  artifactKey: Guid(b76787cdaf44e4d429281f0326765087) Importer(815301076,1909f56bfc062723c751e8b465ee728b)
Start importing Assets/Tiles/mainlevbuild_338.asset using Guid(b76787cdaf44e4d429281f0326765087) Importer(815301076,1909f56bfc062723c751e8b465ee728b)  -> (artifact id: '8231480cb83e276aa11b7129ba19be4d') in 0.009162 seconds 
  Import took 0.012500 seconds .

========================================================================
Received Import Request.
  Time since last request: 159.141898 seconds.
  path: Assets/PF SET1/mainlevbuild.png
  artifactKey: Guid(bbf1993bf4e31194f9d5ee94ecea8677) Importer(815301076,1909f56bfc062723c751e8b465ee728b)
Start importing Assets/PF SET1/mainlevbuild.png using Guid(bbf1993bf4e31194f9d5ee94ecea8677) Importer(815301076,1909f56bfc062723c751e8b465ee728b)  -> (artifact id: '2745c12ccf2c9ca0ed3517a5013f1635') in 2.894270 seconds 
  Import took 2.903558 seconds .

========================================================================
Received Import Request.
  Time since last request: 209.929916 seconds.
  path: Assets/Tiles/mainlevbuild_337.asset
  artifactKey: Guid(e0b90b74d65ee8d4a9a760025a409355) Importer(815301076,1909f56bfc062723c751e8b465ee728b)
Start importing Assets/Tiles/mainlevbuild_337.asset using Guid(e0b90b74d65ee8d4a9a760025a409355) Importer(815301076,1909f56bfc062723c751e8b465ee728b)  -> (artifact id: 'b731c80557ffa10ef9e9ce3e0ba647da') in 0.017727 seconds 
  Import took 0.022356 seconds .

========================================================================
Received Import Request.
  Time since last request: 0.000862 seconds.
  path: Assets/Tiles/mainlevbuild_337.asset
  artifactKey: Guid(e0b90b74d65ee8d4a9a760025a409355) Importer(815301076,1909f56bfc062723c751e8b465ee728b)
Start importing Assets/Tiles/mainlevbuild_337.asset using Guid(e0b90b74d65ee8d4a9a760025a409355) Importer(815301076,1909f56bfc062723c751e8b465ee728b)  -> (artifact id: 'b731c80557ffa10ef9e9ce3e0ba647da') in 0.013505 seconds 
  Import took 0.017637 seconds .

========================================================================
Received Import Request.
  Time since last request: 17.653841 seconds.
  path: Assets/Tiles/grass_1.asset
  artifactKey: Guid(b76787cdaf44e4d429281f0326765087) Importer(815301076,1909f56bfc062723c751e8b465ee728b)
Start importing Assets/Tiles/grass_1.asset using Guid(b76787cdaf44e4d429281f0326765087) Importer(815301076,1909f56bfc062723c751e8b465ee728b)  -> (artifact id: '15dbfd8cd309fb6d0cad3eca77b5dbd8') in 0.016595 seconds 
  Import took 0.020314 seconds .

========================================================================
Received Import Request.
  Time since last request: 4.568055 seconds.
  path: Assets/Tiles/mainlevbuild_339.asset
  artifactKey: Guid(52c1a0a5d2b8a01468193f4adae42449) Importer(815301076,1909f56bfc062723c751e8b465ee728b)
Start importing Assets/Tiles/mainlevbuild_339.asset using Guid(52c1a0a5d2b8a01468193f4adae42449) Importer(815301076,1909f56bfc062723c751e8b465ee728b)  -> (artifact id: '7c4ff750304f2f90eac3292bfb742c9e') in 0.016400 seconds 
  Import took 0.020155 seconds .

========================================================================
Received Import Request.
  Time since last request: 0.001052 seconds.
  path: Assets/Tiles/mainlevbuild_339.asset
  artifactKey: Guid(52c1a0a5d2b8a01468193f4adae42449) Importer(815301076,1909f56bfc062723c751e8b465ee728b)
Start importing Assets/Tiles/mainlevbuild_339.asset using Guid(52c1a0a5d2b8a01468193f4adae42449) Importer(815301076,1909f56bfc062723c751e8b465ee728b)  -> (artifact id: '7c4ff750304f2f90eac3292bfb742c9e') in 0.009776 seconds 
  Import took 0.013276 seconds .

========================================================================
Received Import Request.
  Time since last request: 5.504232 seconds.
  path: Assets/Tiles/grass_2.asset
  artifactKey: Guid(52c1a0a5d2b8a01468193f4adae42449) Importer(815301076,1909f56bfc062723c751e8b465ee728b)
Start importing Assets/Tiles/grass_2.asset using Guid(52c1a0a5d2b8a01468193f4adae42449) Importer(815301076,1909f56bfc062723c751e8b465ee728b)  -> (artifact id: '05a845e3c9cf7473fd1df6f812d06cc8') in 0.019040 seconds 
  Import took 0.022961 seconds .

========================================================================
Received Import Request.
  Time since last request: 1.894349 seconds.
  path: Assets/Tiles/mainlevbuild_340.asset
  artifactKey: Guid(86abacbc107e80b46bdb518e0e7cf3ec) Importer(815301076,1909f56bfc062723c751e8b465ee728b)
Start importing Assets/Tiles/mainlevbuild_340.asset using Guid(86abacbc107e80b46bdb518e0e7cf3ec) Importer(815301076,1909f56bfc062723c751e8b465ee728b)  -> (artifact id: '4401965cf81b2af7fae446fbabb3e8a5') in 0.015344 seconds 
  Import took 0.018821 seconds .

========================================================================
Received Import Request.
  Time since last request: 0.001542 seconds.
  path: Assets/Tiles/mainlevbuild_340.asset
  artifactKey: Guid(86abacbc107e80b46bdb518e0e7cf3ec) Importer(815301076,1909f56bfc062723c751e8b465ee728b)
Start importing Assets/Tiles/mainlevbuild_340.asset using Guid(86abacbc107e80b46bdb518e0e7cf3ec) Importer(815301076,1909f56bfc062723c751e8b465ee728b)  -> (artifact id: '4401965cf81b2af7fae446fbabb3e8a5') in 0.009837 seconds 
  Import took 0.013364 seconds .

========================================================================
Received Import Request.
  Time since last request: 4.699925 seconds.
  path: Assets/Tiles/grass_3.asset
  artifactKey: Guid(86abacbc107e80b46bdb518e0e7cf3ec) Importer(815301076,1909f56bfc062723c751e8b465ee728b)
Start importing Assets/Tiles/grass_3.asset using Guid(86abacbc107e80b46bdb518e0e7cf3ec) Importer(815301076,1909f56bfc062723c751e8b465ee728b)  -> (artifact id: 'd03dce82e6ba864298d3cb16e2f10119') in 0.017771 seconds 
  Import took 0.022218 seconds .

========================================================================
Received Import Request.
  Time since last request: 1.329289 seconds.
  path: Assets/Tiles/mainlevbuild_341.asset
  artifactKey: Guid(532954c306250c147a718f1429590d94) Importer(815301076,1909f56bfc062723c751e8b465ee728b)
Start importing Assets/Tiles/mainlevbuild_341.asset using Guid(532954c306250c147a718f1429590d94) Importer(815301076,1909f56bfc062723c751e8b465ee728b)  -> (artifact id: 'e50ee40063dea935e0f7d396e19eff4d') in 0.017117 seconds 
  Import took 0.020560 seconds .

========================================================================
Received Import Request.
  Time since last request: 0.003307 seconds.
  path: Assets/Tiles/mainlevbuild_341.asset
  artifactKey: Guid(532954c306250c147a718f1429590d94) Importer(815301076,1909f56bfc062723c751e8b465ee728b)
Start importing Assets/Tiles/mainlevbuild_341.asset using Guid(532954c306250c147a718f1429590d94) Importer(815301076,1909f56bfc062723c751e8b465ee728b)  -> (artifact id: 'e50ee40063dea935e0f7d396e19eff4d') in 0.009656 seconds 
  Import took 0.013136 seconds .

========================================================================
Received Import Request.
  Time since last request: 4.999006 seconds.
  path: Assets/Tiles/grass_4.asset
  artifactKey: Guid(532954c306250c147a718f1429590d94) Importer(815301076,1909f56bfc062723c751e8b465ee728b)
Start importing Assets/Tiles/grass_4.asset using Guid(532954c306250c147a718f1429590d94) Importer(815301076,1909f56bfc062723c751e8b465ee728b)  -> (artifact id: '40afd73b973cbace4231a809da5dd1e5') in 0.018212 seconds 
  Import took 0.022217 seconds .

========================================================================
Received Import Request.
  Time since last request: 404.708672 seconds.
  path: Assets/PF SET1/mainlevbuild.png
  artifactKey: Guid(bbf1993bf4e31194f9d5ee94ecea8677) Importer(815301076,1909f56bfc062723c751e8b465ee728b)
Start importing Assets/PF SET1/mainlevbuild.png using Guid(bbf1993bf4e31194f9d5ee94ecea8677) Importer(815301076,1909f56bfc062723c751e8b465ee728b)  -> (artifact id: 'f9b2e0d6a116e86ea66df291c05c20c1') in 2.631661 seconds 
  Import took 2.640755 seconds .

========================================================================
Received Import Request.
  Time since last request: 35.439722 seconds.
  path: Assets/Tiles/mainlevbuild_178.asset
  artifactKey: Guid(070baa94a02b9a34186a00c1ce656f3b) Importer(815301076,1909f56bfc062723c751e8b465ee728b)
Start importing Assets/Tiles/mainlevbuild_178.asset using Guid(070baa94a02b9a34186a00c1ce656f3b) Importer(815301076,1909f56bfc062723c751e8b465ee728b)  -> (artifact id: '7b00844b60325aab6538b25a71b1e032') in 0.013700 seconds 
  Import took 0.017977 seconds .

========================================================================
Received Import Request.
  Time since last request: 38.073305 seconds.
  path: Assets/Tiles/mainlevbuild_238.asset
  artifactKey: Guid(1479e4701f396234ea44e5736b56a50c) Importer(815301076,1909f56bfc062723c751e8b465ee728b)
Start importing Assets/Tiles/mainlevbuild_238.asset using Guid(1479e4701f396234ea44e5736b56a50c) Importer(815301076,1909f56bfc062723c751e8b465ee728b)  -> (artifact id: '6e2a81f7e00cfbae043c2b58d96d76cf') in 0.019325 seconds 
  Import took 0.023260 seconds .

========================================================================
Received Import Request.
  Time since last request: 0.000835 seconds.
  path: Assets/Tiles/mainlevbuild_238.asset
  artifactKey: Guid(1479e4701f396234ea44e5736b56a50c) Importer(815301076,1909f56bfc062723c751e8b465ee728b)
Start importing Assets/Tiles/mainlevbuild_238.asset using Guid(1479e4701f396234ea44e5736b56a50c) Importer(815301076,1909f56bfc062723c751e8b465ee728b)  -> (artifact id: '6e2a81f7e00cfbae043c2b58d96d76cf') in 0.010498 seconds 
  Import took 0.014528 seconds .

========================================================================
Received Import Request.
  Time since last request: 1.138156 seconds.
  path: Assets/Tiles/mainlevbuild_243.asset
  artifactKey: Guid(cb8e26b1bd834a348ab257603d01d629) Importer(815301076,1909f56bfc062723c751e8b465ee728b)
Start importing Assets/Tiles/mainlevbuild_243.asset using Guid(cb8e26b1bd834a348ab257603d01d629) Importer(815301076,1909f56bfc062723c751e8b465ee728b)  -> (artifact id: 'bc623711841531caaf3aa9a8a4540f5d') in 0.015860 seconds 
  Import took 0.019481 seconds .

========================================================================
Received Prepare
Registering precompiled user dll's ...
Registered in 0.007576 seconds.
Begin MonoManager ReloadAssembly
Native extension for WindowsStandalone target not found
Refreshing native plugins compatible for Editor in 0.55 ms, found 3 plugins.
Preloading 0 native plugins for Editor in 0.00 ms.
Mono: successfully reloaded assembly
- Completed reload, in  1.012 seconds
Domain Reload Profiling:
	ReloadAssembly (1012ms)
		BeginReloadAssembly (164ms)
			ExecutionOrderSort (0ms)
			DisableScriptedObjects (13ms)
			BackupInstance (0ms)
			ReleaseScriptingObjects (0ms)
			CreateAndSetChildDomain (83ms)
		EndReloadAssembly (792ms)
			LoadAssemblies (85ms)
			RebuildTransferFunctionScriptingTraits (0ms)
			SetupTypeCache (260ms)
			ReleaseScriptCaches (1ms)
			RebuildScriptCaches (37ms)
			SetupLoadedEditorAssemblies (311ms)
				LogAssemblyErrors (0ms)
				InitializePlatformSupportModulesInManaged (4ms)
				SetLoadedEditorAssemblies (1ms)
				RefreshPlugins (1ms)
				BeforeProcessingInitializeOnLoad (50ms)
				ProcessInitializeOnLoadAttributes (245ms)
				ProcessInitializeOnLoadMethodAttributes (5ms)
				AfterProcessingInitializeOnLoad (5ms)
				EditorAssembliesLoaded (0ms)
			ExecutionOrderSort2 (0ms)
			AwakeInstancesAfterBackupRestoration (10ms)
Platform modules already initialized, skipping
Refreshing native plugins compatible for Editor in 0.60 ms, found 3 plugins.
Preloading 0 native plugins for Editor in 0.00 ms.
Unloading 2081 Unused Serialized files (Serialized files now loaded: 0)
System memory in use before: 97.7 MB.
System memory in use after: 97.8 MB.

Unloading 16 unused Assets to reduce memory usage. Loaded Objects now: 2550.
Total: 3.726400 ms (FindLiveObjects: 0.430100 ms CreateObjectMapping: 0.151000 ms MarkObjects: 3.120100 ms  DeleteObjects: 0.022900 ms)

AssetImportParameters requested are different than current active one (requested -> active):
  custom:framework-win-MediaFoundation: 216162199b28c13a410421893ffa2e32 -> 
  custom:video-decoder-ogg-theora: a1e56fd34408186e4bbccfd4996cb3dc -> 
  custom:container-muxer-webm: aa71ff27fc2769a1b78a27578f13a17b -> 
  custom:container-demuxer-webm: 4f35f7cbe854078d1ac9338744f61a02 -> 
  custom:container-demuxer-ogg: 62fdf1f143b41e24485cea50d1cbac27 -> 
  custom:video-encoder-webm-vp8: eb34c28f22e8b96e1ab97ce403110664 -> 
  custom:video-decoder-webm-vp8: 9c59270c3fd7afecdb556c50c9e8de78 -> 
  custom:audio-decoder-ogg-vorbis: bf7c407c2cedff20999df2af8eb42d56 -> 
  custom:audio-encoder-webm-vorbis: bf7c407c2cedff20999df2af8eb42d56 -> 
========================================================================
Received Prepare
Registering precompiled user dll's ...
Registered in 0.003070 seconds.
Begin MonoManager ReloadAssembly
Native extension for WindowsStandalone target not found
Refreshing native plugins compatible for Editor in 0.51 ms, found 3 plugins.
Preloading 0 native plugins for Editor in 0.00 ms.
Mono: successfully reloaded assembly
- Completed reload, in  1.020 seconds
Domain Reload Profiling:
	ReloadAssembly (1020ms)
		BeginReloadAssembly (92ms)
			ExecutionOrderSort (0ms)
			DisableScriptedObjects (5ms)
			BackupInstance (0ms)
			ReleaseScriptingObjects (0ms)
			CreateAndSetChildDomain (28ms)
		EndReloadAssembly (849ms)
			LoadAssemblies (102ms)
			RebuildTransferFunctionScriptingTraits (0ms)
			SetupTypeCache (266ms)
			ReleaseScriptCaches (1ms)
			RebuildScriptCaches (38ms)
			SetupLoadedEditorAssemblies (342ms)
				LogAssemblyErrors (0ms)
				InitializePlatformSupportModulesInManaged (4ms)
				SetLoadedEditorAssemblies (0ms)
				RefreshPlugins (1ms)
				BeforeProcessingInitializeOnLoad (51ms)
				ProcessInitializeOnLoadAttributes (274ms)
				ProcessInitializeOnLoadMethodAttributes (6ms)
				AfterProcessingInitializeOnLoad (5ms)
				EditorAssembliesLoaded (0ms)
			ExecutionOrderSort2 (0ms)
			AwakeInstancesAfterBackupRestoration (12ms)
Platform modules already initialized, skipping
Refreshing native plugins compatible for Editor in 0.52 ms, found 3 plugins.
Preloading 0 native plugins for Editor in 0.00 ms.
Unloading 2081 Unused Serialized files (Serialized files now loaded: 0)
System memory in use before: 97.7 MB.
System memory in use after: 97.8 MB.

Unloading 16 unused Assets to reduce memory usage. Loaded Objects now: 2553.
Total: 3.156000 ms (FindLiveObjects: 0.212400 ms CreateObjectMapping: 0.081800 ms MarkObjects: 2.828700 ms  DeleteObjects: 0.031900 ms)

AssetImportParameters requested are different than current active one (requested -> active):
  custom:framework-win-MediaFoundation: 216162199b28c13a410421893ffa2e32 -> 
  custom:video-decoder-ogg-theora: a1e56fd34408186e4bbccfd4996cb3dc -> 
  custom:container-muxer-webm: aa71ff27fc2769a1b78a27578f13a17b -> 
  custom:container-demuxer-webm: 4f35f7cbe854078d1ac9338744f61a02 -> 
  custom:container-demuxer-ogg: 62fdf1f143b41e24485cea50d1cbac27 -> 
  custom:video-encoder-webm-vp8: eb34c28f22e8b96e1ab97ce403110664 -> 
  custom:video-decoder-webm-vp8: 9c59270c3fd7afecdb556c50c9e8de78 -> 
  custom:audio-decoder-ogg-vorbis: bf7c407c2cedff20999df2af8eb42d56 -> 
  custom:audio-encoder-webm-vorbis: bf7c407c2cedff20999df2af8eb42d56 -> 
========================================================================
Received Prepare
Registering precompiled user dll's ...
Registered in 0.003109 seconds.
Begin MonoManager ReloadAssembly
Native extension for WindowsStandalone target not found
Refreshing native plugins compatible for Editor in 0.61 ms, found 3 plugins.
Preloading 0 native plugins for Editor in 0.00 ms.
Mono: successfully reloaded assembly
- Completed reload, in  0.909 seconds
Domain Reload Profiling:
	ReloadAssembly (910ms)
		BeginReloadAssembly (98ms)
			ExecutionOrderSort (0ms)
			DisableScriptedObjects (5ms)
			BackupInstance (0ms)
			ReleaseScriptingObjects (0ms)
			CreateAndSetChildDomain (29ms)
		EndReloadAssembly (759ms)
			LoadAssemblies (70ms)
			RebuildTransferFunctionScriptingTraits (0ms)
			SetupTypeCache (253ms)
			ReleaseScriptCaches (1ms)
			RebuildScriptCaches (35ms)
			SetupLoadedEditorAssemblies (308ms)
				LogAssemblyErrors (0ms)
				InitializePlatformSupportModulesInManaged (4ms)
				SetLoadedEditorAssemblies (0ms)
				RefreshPlugins (1ms)
				BeforeProcessingInitializeOnLoad (50ms)
				ProcessInitializeOnLoadAttributes (243ms)
				ProcessInitializeOnLoadMethodAttributes (5ms)
				AfterProcessingInitializeOnLoad (5ms)
				EditorAssembliesLoaded (0ms)
			ExecutionOrderSort2 (0ms)
			AwakeInstancesAfterBackupRestoration (9ms)
Platform modules already initialized, skipping
Refreshing native plugins compatible for Editor in 0.57 ms, found 3 plugins.
Preloading 0 native plugins for Editor in 0.00 ms.
Unloading 2081 Unused Serialized files (Serialized files now loaded: 0)
System memory in use before: 97.8 MB.
System memory in use after: 97.9 MB.

Unloading 16 unused Assets to reduce memory usage. Loaded Objects now: 2556.
Total: 3.007900 ms (FindLiveObjects: 0.191400 ms CreateObjectMapping: 0.073800 ms MarkObjects: 2.707600 ms  DeleteObjects: 0.034100 ms)

AssetImportParameters requested are different than current active one (requested -> active):
  custom:framework-win-MediaFoundation: 216162199b28c13a410421893ffa2e32 -> 
  custom:video-decoder-ogg-theora: a1e56fd34408186e4bbccfd4996cb3dc -> 
  custom:container-muxer-webm: aa71ff27fc2769a1b78a27578f13a17b -> 
  custom:container-demuxer-webm: 4f35f7cbe854078d1ac9338744f61a02 -> 
  custom:container-demuxer-ogg: 62fdf1f143b41e24485cea50d1cbac27 -> 
  custom:video-encoder-webm-vp8: eb34c28f22e8b96e1ab97ce403110664 -> 
  custom:video-decoder-webm-vp8: 9c59270c3fd7afecdb556c50c9e8de78 -> 
  custom:audio-decoder-ogg-vorbis: bf7c407c2cedff20999df2af8eb42d56 -> 
  custom:audio-encoder-webm-vorbis: bf7c407c2cedff20999df2af8eb42d56 -> 
========================================================================
Received Prepare
Registering precompiled user dll's ...
Registered in 0.003040 seconds.
Begin MonoManager ReloadAssembly
Native extension for WindowsStandalone target not found
Refreshing native plugins compatible for Editor in 0.49 ms, found 3 plugins.
Preloading 0 native plugins for Editor in 0.00 ms.
Mono: successfully reloaded assembly
- Completed reload, in  0.911 seconds
Domain Reload Profiling:
	ReloadAssembly (911ms)
		BeginReloadAssembly (104ms)
			ExecutionOrderSort (0ms)
			DisableScriptedObjects (5ms)
			BackupInstance (0ms)
			ReleaseScriptingObjects (0ms)
			CreateAndSetChildDomain (28ms)
		EndReloadAssembly (756ms)
			LoadAssemblies (72ms)
			RebuildTransferFunctionScriptingTraits (0ms)
			SetupTypeCache (244ms)
			ReleaseScriptCaches (1ms)
			RebuildScriptCaches (36ms)
			SetupLoadedEditorAssemblies (312ms)
				LogAssemblyErrors (0ms)
				InitializePlatformSupportModulesInManaged (4ms)
				SetLoadedEditorAssemblies (0ms)
				RefreshPlugins (1ms)
				BeforeProcessingInitializeOnLoad (50ms)
				ProcessInitializeOnLoadAttributes (247ms)
				ProcessInitializeOnLoadMethodAttributes (5ms)
				AfterProcessingInitializeOnLoad (5ms)
				EditorAssembliesLoaded (0ms)
			ExecutionOrderSort2 (0ms)
			AwakeInstancesAfterBackupRestoration (9ms)
Platform modules already initialized, skipping
Refreshing native plugins compatible for Editor in 0.55 ms, found 3 plugins.
Preloading 0 native plugins for Editor in 0.00 ms.
Unloading 2081 Unused Serialized files (Serialized files now loaded: 0)
System memory in use before: 97.8 MB.
System memory in use after: 97.9 MB.

Unloading 16 unused Assets to reduce memory usage. Loaded Objects now: 2559.
Total: 2.731900 ms (FindLiveObjects: 0.186900 ms CreateObjectMapping: 0.074500 ms MarkObjects: 2.429200 ms  DeleteObjects: 0.040300 ms)

AssetImportParameters requested are different than current active one (requested -> active):
  custom:framework-win-MediaFoundation: 216162199b28c13a410421893ffa2e32 -> 
  custom:video-decoder-ogg-theora: a1e56fd34408186e4bbccfd4996cb3dc -> 
  custom:container-muxer-webm: aa71ff27fc2769a1b78a27578f13a17b -> 
  custom:container-demuxer-webm: 4f35f7cbe854078d1ac9338744f61a02 -> 
  custom:container-demuxer-ogg: 62fdf1f143b41e24485cea50d1cbac27 -> 
  custom:video-encoder-webm-vp8: eb34c28f22e8b96e1ab97ce403110664 -> 
  custom:video-decoder-webm-vp8: 9c59270c3fd7afecdb556c50c9e8de78 -> 
  custom:audio-decoder-ogg-vorbis: bf7c407c2cedff20999df2af8eb42d56 -> 
  custom:audio-encoder-webm-vorbis: bf7c407c2cedff20999df2af8eb42d56 -> 
========================================================================
Received Prepare
Registering precompiled user dll's ...
Registered in 0.003365 seconds.
Begin MonoManager ReloadAssembly
Native extension for WindowsStandalone target not found
Refreshing native plugins compatible for Editor in 0.51 ms, found 3 plugins.
Preloading 0 native plugins for Editor in 0.00 ms.
Mono: successfully reloaded assembly
- Completed reload, in  1.069 seconds
Domain Reload Profiling:
	ReloadAssembly (1069ms)
		BeginReloadAssembly (96ms)
			ExecutionOrderSort (0ms)
			DisableScriptedObjects (6ms)
			BackupInstance (0ms)
			ReleaseScriptingObjects (0ms)
			CreateAndSetChildDomain (30ms)
		EndReloadAssembly (917ms)
			LoadAssemblies (78ms)
			RebuildTransferFunctionScriptingTraits (0ms)
			SetupTypeCache (259ms)
			ReleaseScriptCaches (1ms)
			RebuildScriptCaches (38ms)
			SetupLoadedEditorAssemblies (451ms)
				LogAssemblyErrors (0ms)
				InitializePlatformSupportModulesInManaged (4ms)
				SetLoadedEditorAssemblies (0ms)
				RefreshPlugins (1ms)
				BeforeProcessingInitializeOnLoad (49ms)
				ProcessInitializeOnLoadAttributes (387ms)
				ProcessInitializeOnLoadMethodAttributes (5ms)
				AfterProcessingInitializeOnLoad (5ms)
				EditorAssembliesLoaded (0ms)
			ExecutionOrderSort2 (0ms)
			AwakeInstancesAfterBackupRestoration (9ms)
Platform modules already initialized, skipping
Refreshing native plugins compatible for Editor in 0.53 ms, found 3 plugins.
Preloading 0 native plugins for Editor in 0.00 ms.
Unloading 2081 Unused Serialized files (Serialized files now loaded: 0)
System memory in use before: 97.8 MB.
System memory in use after: 97.9 MB.

Unloading 16 unused Assets to reduce memory usage. Loaded Objects now: 2562.
Total: 2.688000 ms (FindLiveObjects: 0.183600 ms CreateObjectMapping: 0.064500 ms MarkObjects: 2.423900 ms  DeleteObjects: 0.015200 ms)

AssetImportParameters requested are different than current active one (requested -> active):
  custom:framework-win-MediaFoundation: 216162199b28c13a410421893ffa2e32 -> 
  custom:video-decoder-ogg-theora: a1e56fd34408186e4bbccfd4996cb3dc -> 
  custom:container-muxer-webm: aa71ff27fc2769a1b78a27578f13a17b -> 
  custom:container-demuxer-webm: 4f35f7cbe854078d1ac9338744f61a02 -> 
  custom:container-demuxer-ogg: 62fdf1f143b41e24485cea50d1cbac27 -> 
  custom:video-encoder-webm-vp8: eb34c28f22e8b96e1ab97ce403110664 -> 
  custom:video-decoder-webm-vp8: 9c59270c3fd7afecdb556c50c9e8de78 -> 
  custom:audio-decoder-ogg-vorbis: bf7c407c2cedff20999df2af8eb42d56 -> 
  custom:audio-encoder-webm-vorbis: bf7c407c2cedff20999df2af8eb42d56 -> 
AssetImportWorkerClient::OnTransportError - code=2 error=End of file
